[2.491s] DEBUG:colcon:Command line arguments: ['/usr/bin/colcon', 'build', '--symlink-install', '--packages-select', 'robotie']
[2.491s] DEBUG:colcon:Parsed command line arguments: Namespace(log_base=None, log_level=None, verb_name='build', build_base='build', install_base='install', merge_install=False, symlink_install=True, test_result_base=None, continue_on_error=False, executor='parallel', parallel_workers=8, event_handlers=None, ignore_user_meta=False, metas=['./colcon.meta'], base_paths=['.'], packages_ignore=None, packages_ignore_regex=None, paths=None, packages_up_to=None, packages_up_to_regex=None, packages_above=None, packages_above_and_dependencies=None, packages_above_depth=None, packages_select_by_dep=None, packages_skip_by_dep=None, packages_skip_up_to=None, packages_select_build_failed=False, packages_skip_build_finished=False, packages_select_test_failures=False, packages_skip_test_passed=False, packages_select=['robotie'], packages_skip=None, packages_select_regex=None, packages_skip_regex=None, packages_start=None, packages_end=None, allow_overriding=[], cmake_args=None, cmake_target=None, cmake_target_skip_unavailable=False, cmake_clean_cache=False, cmake_clean_first=False, cmake_force_configure=False, ament_cmake_args=None, catkin_cmake_args=None, catkin_skip_building_tests=False, verb_parser=<colcon_defaults.argument_parser.defaults.DefaultArgumentsDecorator object at 0x74eca66b2410>, verb_extension=<colcon_core.verb.build.BuildVerb object at 0x74eca66b2f50>, main=<bound method BuildVerb.main of <colcon_core.verb.build.BuildVerb object at 0x74eca66b2f50>>)
[2.608s] Level 1:colcon.colcon_core.package_discovery:discover_packages(colcon_meta) check parameters
[2.608s] Level 1:colcon.colcon_core.package_discovery:discover_packages(recursive) check parameters
[2.608s] Level 1:colcon.colcon_core.package_discovery:discover_packages(ignore) check parameters
[2.608s] Level 1:colcon.colcon_core.package_discovery:discover_packages(path) check parameters
[2.608s] Level 1:colcon.colcon_core.package_discovery:discover_packages(colcon_meta) discover
[2.608s] Level 1:colcon.colcon_core.package_discovery:discover_packages(recursive) discover
[2.608s] INFO:colcon.colcon_core.package_discovery:Crawling recursively for packages in '/home/goda/tutorials_ws/05_ws/src/robotie'
[2.609s] Level 1:colcon.colcon_core.package_identification:_identify(.) by extensions ['ignore', 'ignore_ament_install']
[2.609s] Level 1:colcon.colcon_core.package_identification:_identify(.) by extension 'ignore'
[2.609s] Level 1:colcon.colcon_core.package_identification:_identify(.) by extension 'ignore_ament_install'
[2.609s] Level 1:colcon.colcon_core.package_identification:_identify(.) by extensions ['colcon_pkg']
[2.609s] Level 1:colcon.colcon_core.package_identification:_identify(.) by extension 'colcon_pkg'
[2.609s] Level 1:colcon.colcon_core.package_identification:_identify(.) by extensions ['colcon_meta']
[2.609s] Level 1:colcon.colcon_core.package_identification:_identify(.) by extension 'colcon_meta'
[2.609s] Level 1:colcon.colcon_core.package_identification:_identify(.) by extensions ['ros']
[2.609s] Level 1:colcon.colcon_core.package_identification:_identify(.) by extension 'ros'
[2.640s] DEBUG:colcon.colcon_core.package_identification:Package '.' with type 'ros.ament_cmake' and name 'robotie'
[2.640s] Level 1:colcon.colcon_core.package_discovery:discover_packages(recursive) using defaults
[2.640s] Level 1:colcon.colcon_core.package_discovery:discover_packages(ignore) discover
[2.640s] Level 1:colcon.colcon_core.package_discovery:discover_packages(ignore) using defaults
[2.640s] Level 1:colcon.colcon_core.package_discovery:discover_packages(path) discover
[2.640s] Level 1:colcon.colcon_core.package_discovery:discover_packages(path) using defaults
[2.853s] Level 1:colcon.colcon_core.package_discovery:discover_packages(prefix_path) check parameters
[2.853s] Level 1:colcon.colcon_core.package_discovery:discover_packages(prefix_path) discover
[2.926s] DEBUG:colcon.colcon_installed_package_information.package_discovery:Found 5 installed packages in /home/goda/tutorials_ws/05_ws/install
[2.965s] DEBUG:colcon.colcon_installed_package_information.package_discovery:Found 398 installed packages in /opt/ros/humble
[2.968s] Level 1:colcon.colcon_core.package_discovery:discover_packages(prefix_path) using defaults
[3.267s] Level 5:colcon.colcon_core.verb:set package 'robotie' build argument 'cmake_args' from command line to 'None'
[3.267s] Level 5:colcon.colcon_core.verb:set package 'robotie' build argument 'cmake_target' from command line to 'None'
[3.267s] Level 5:colcon.colcon_core.verb:set package 'robotie' build argument 'cmake_target_skip_unavailable' from command line to 'False'
[3.267s] Level 5:colcon.colcon_core.verb:set package 'robotie' build argument 'cmake_clean_cache' from command line to 'False'
[3.267s] Level 5:colcon.colcon_core.verb:set package 'robotie' build argument 'cmake_clean_first' from command line to 'False'
[3.267s] Level 5:colcon.colcon_core.verb:set package 'robotie' build argument 'cmake_force_configure' from command line to 'False'
[3.267s] Level 5:colcon.colcon_core.verb:set package 'robotie' build argument 'ament_cmake_args' from command line to 'None'
[3.267s] Level 5:colcon.colcon_core.verb:set package 'robotie' build argument 'catkin_cmake_args' from command line to 'None'
[3.267s] Level 5:colcon.colcon_core.verb:set package 'robotie' build argument 'catkin_skip_building_tests' from command line to 'False'
[3.268s] DEBUG:colcon.colcon_core.verb:Building package 'robotie' with the following arguments: {'ament_cmake_args': None, 'build_base': '/home/goda/tutorials_ws/05_ws/src/robotie/build/robotie', 'catkin_cmake_args': None, 'catkin_skip_building_tests': False, 'cmake_args': None, 'cmake_clean_cache': False, 'cmake_clean_first': False, 'cmake_force_configure': False, 'cmake_target': None, 'cmake_target_skip_unavailable': False, 'install_base': '/home/goda/tutorials_ws/05_ws/src/robotie/install/robotie', 'merge_install': False, 'path': '/home/goda/tutorials_ws/05_ws/src/robotie', 'symlink_install': True, 'test_result_base': None}
[3.310s] INFO:colcon.colcon_core.executor:Executing jobs using 'parallel' executor
[3.347s] DEBUG:colcon.colcon_parallel_executor.executor.parallel:run_until_complete
[3.347s] INFO:colcon.colcon_ros.task.ament_cmake.build:Building ROS package in '/home/goda/tutorials_ws/05_ws/src/robotie' with build type 'ament_cmake'
[3.347s] INFO:colcon.colcon_cmake.task.cmake.build:Building CMake package in '/home/goda/tutorials_ws/05_ws/src/robotie'
[3.387s] INFO:colcon.colcon_core.plugin_system:Skipping extension 'colcon_core.shell.bat': Not used on non-Windows systems
[3.387s] INFO:colcon.colcon_core.shell:Skip shell extension 'powershell' for command environment: Not usable outside of PowerShell
[3.387s] DEBUG:colcon.colcon_core.shell:Skip shell extension 'dsv' for command environment
[3.515s] DEBUG:colcon.colcon_core.event_handler.log_command:Invoking command in '/home/goda/tutorials_ws/05_ws/src/robotie/build/robotie': CMAKE_PREFIX_PATH=${CMAKE_PREFIX_PATH}:/opt/ros/humble /usr/bin/cmake /home/goda/tutorials_ws/05_ws/src/robotie -DAMENT_CMAKE_SYMLINK_INSTALL=1 -DCMAKE_INSTALL_PREFIX=/home/goda/tutorials_ws/05_ws/src/robotie/install/robotie
[7.035s] DEBUG:colcon.colcon_core.event_handler.log_command:Invoked command in '/home/goda/tutorials_ws/05_ws/src/robotie/build/robotie' returned '0': CMAKE_PREFIX_PATH=${CMAKE_PREFIX_PATH}:/opt/ros/humble /usr/bin/cmake /home/goda/tutorials_ws/05_ws/src/robotie -DAMENT_CMAKE_SYMLINK_INSTALL=1 -DCMAKE_INSTALL_PREFIX=/home/goda/tutorials_ws/05_ws/src/robotie/install/robotie
[7.043s] DEBUG:colcon.colcon_core.event_handler.log_command:Invoking command in '/home/goda/tutorials_ws/05_ws/src/robotie/build/robotie': CMAKE_PREFIX_PATH=${CMAKE_PREFIX_PATH}:/opt/ros/humble /usr/bin/cmake --build /home/goda/tutorials_ws/05_ws/src/robotie/build/robotie -- -j8 -l8
[17.364s] DEBUG:colcon.colcon_core.event_handler.log_command:Invoked command in '/home/goda/tutorials_ws/05_ws/src/robotie/build/robotie' returned '0': CMAKE_PREFIX_PATH=${CMAKE_PREFIX_PATH}:/opt/ros/humble /usr/bin/cmake --build /home/goda/tutorials_ws/05_ws/src/robotie/build/robotie -- -j8 -l8
[17.469s] DEBUG:colcon.colcon_core.event_handler.log_command:Invoking command in '/home/goda/tutorials_ws/05_ws/src/robotie/build/robotie': CMAKE_PREFIX_PATH=${CMAKE_PREFIX_PATH}:/opt/ros/humble /usr/bin/cmake --install /home/goda/tutorials_ws/05_ws/src/robotie/build/robotie
[18.180s] Level 1:colcon.colcon_core.environment:create_environment_scripts_only(robotie)
[18.182s] DEBUG:colcon.colcon_core.event_handler.log_command:Invoked command in '/home/goda/tutorials_ws/05_ws/src/robotie/build/robotie' returned '0': CMAKE_PREFIX_PATH=${CMAKE_PREFIX_PATH}:/opt/ros/humble /usr/bin/cmake --install /home/goda/tutorials_ws/05_ws/src/robotie/build/robotie
[18.240s] Level 1:colcon.colcon_core.environment:checking '/home/goda/tutorials_ws/05_ws/src/robotie/install/robotie' for CMake module files
[18.241s] Level 1:colcon.colcon_core.environment:checking '/home/goda/tutorials_ws/05_ws/src/robotie/install/robotie' for CMake config files
[18.242s] Level 1:colcon.colcon_core.shell:create_environment_hook('robotie', 'cmake_prefix_path')
[18.284s] INFO:colcon.colcon_core.shell:Creating environment hook '/home/goda/tutorials_ws/05_ws/src/robotie/install/robotie/share/robotie/hook/cmake_prefix_path.ps1'
[18.286s] INFO:colcon.colcon_core.shell:Creating environment descriptor '/home/goda/tutorials_ws/05_ws/src/robotie/install/robotie/share/robotie/hook/cmake_prefix_path.dsv'
[18.287s] INFO:colcon.colcon_core.shell:Creating environment hook '/home/goda/tutorials_ws/05_ws/src/robotie/install/robotie/share/robotie/hook/cmake_prefix_path.sh'
[18.288s] Level 1:colcon.colcon_core.environment:checking '/home/goda/tutorials_ws/05_ws/src/robotie/install/robotie/lib'
[18.289s] Level 1:colcon.colcon_core.environment:checking '/home/goda/tutorials_ws/05_ws/src/robotie/install/robotie/bin'
[18.289s] Level 1:colcon.colcon_core.environment:checking '/home/goda/tutorials_ws/05_ws/src/robotie/install/robotie/lib/pkgconfig/robotie.pc'
[18.289s] Level 1:colcon.colcon_core.environment:checking '/home/goda/tutorials_ws/05_ws/src/robotie/install/robotie/lib/python3.10/site-packages'
[18.290s] Level 1:colcon.colcon_core.environment:checking '/home/goda/tutorials_ws/05_ws/src/robotie/install/robotie/bin'
[18.332s] INFO:colcon.colcon_core.shell:Creating package script '/home/goda/tutorials_ws/05_ws/src/robotie/install/robotie/share/robotie/package.ps1'
[18.333s] INFO:colcon.colcon_core.shell:Creating package descriptor '/home/goda/tutorials_ws/05_ws/src/robotie/install/robotie/share/robotie/package.dsv'
[18.334s] INFO:colcon.colcon_core.shell:Creating package script '/home/goda/tutorials_ws/05_ws/src/robotie/install/robotie/share/robotie/package.sh'
[18.336s] INFO:colcon.colcon_core.shell:Creating package script '/home/goda/tutorials_ws/05_ws/src/robotie/install/robotie/share/robotie/package.bash'
[18.337s] INFO:colcon.colcon_core.shell:Creating package script '/home/goda/tutorials_ws/05_ws/src/robotie/install/robotie/share/robotie/package.zsh'
[18.339s] Level 1:colcon.colcon_core.environment:create_file_with_runtime_dependencies(/home/goda/tutorials_ws/05_ws/src/robotie/install/robotie/share/colcon-core/packages/robotie)
[18.478s] Level 1:colcon.colcon_core.environment:create_environment_scripts_only(robotie)
[18.526s] Level 1:colcon.colcon_core.environment:checking '/home/goda/tutorials_ws/05_ws/src/robotie/install/robotie' for CMake module files
[18.528s] Level 1:colcon.colcon_core.environment:checking '/home/goda/tutorials_ws/05_ws/src/robotie/install/robotie' for CMake config files
[18.530s] Level 1:colcon.colcon_core.shell:create_environment_hook('robotie', 'cmake_prefix_path')
[18.578s] INFO:colcon.colcon_core.shell:Creating environment hook '/home/goda/tutorials_ws/05_ws/src/robotie/install/robotie/share/robotie/hook/cmake_prefix_path.ps1'
[18.579s] INFO:colcon.colcon_core.shell:Creating environment descriptor '/home/goda/tutorials_ws/05_ws/src/robotie/install/robotie/share/robotie/hook/cmake_prefix_path.dsv'
[18.580s] INFO:colcon.colcon_core.shell:Creating environment hook '/home/goda/tutorials_ws/05_ws/src/robotie/install/robotie/share/robotie/hook/cmake_prefix_path.sh'
[18.582s] Level 1:colcon.colcon_core.environment:checking '/home/goda/tutorials_ws/05_ws/src/robotie/install/robotie/lib'
[18.582s] Level 1:colcon.colcon_core.environment:checking '/home/goda/tutorials_ws/05_ws/src/robotie/install/robotie/bin'
[18.582s] Level 1:colcon.colcon_core.environment:checking '/home/goda/tutorials_ws/05_ws/src/robotie/install/robotie/lib/pkgconfig/robotie.pc'
[18.583s] Level 1:colcon.colcon_core.environment:checking '/home/goda/tutorials_ws/05_ws/src/robotie/install/robotie/lib/python3.10/site-packages'
[18.583s] Level 1:colcon.colcon_core.environment:checking '/home/goda/tutorials_ws/05_ws/src/robotie/install/robotie/bin'
[18.634s] INFO:colcon.colcon_core.shell:Creating package script '/home/goda/tutorials_ws/05_ws/src/robotie/install/robotie/share/robotie/package.ps1'
[18.635s] INFO:colcon.colcon_core.shell:Creating package descriptor '/home/goda/tutorials_ws/05_ws/src/robotie/install/robotie/share/robotie/package.dsv'
[18.636s] INFO:colcon.colcon_core.shell:Creating package script '/home/goda/tutorials_ws/05_ws/src/robotie/install/robotie/share/robotie/package.sh'
[18.637s] INFO:colcon.colcon_core.shell:Creating package script '/home/goda/tutorials_ws/05_ws/src/robotie/install/robotie/share/robotie/package.bash'
[18.638s] INFO:colcon.colcon_core.shell:Creating package script '/home/goda/tutorials_ws/05_ws/src/robotie/install/robotie/share/robotie/package.zsh'
[18.639s] Level 1:colcon.colcon_core.environment:create_file_with_runtime_dependencies(/home/goda/tutorials_ws/05_ws/src/robotie/install/robotie/share/colcon-core/packages/robotie)
[18.640s] DEBUG:colcon.colcon_parallel_executor.executor.parallel:closing loop
[18.640s] DEBUG:colcon.colcon_parallel_executor.executor.parallel:loop closed
[18.641s] DEBUG:colcon.colcon_parallel_executor.executor.parallel:run_until_complete finished with '0'
[18.641s] DEBUG:colcon.colcon_core.event_reactor:joining thread
[18.709s] INFO:colcon.colcon_core.plugin_system:Skipping extension 'colcon_notification.desktop_notification.terminal_notifier': Not used on non-Darwin systems
[18.709s] INFO:colcon.colcon_core.plugin_system:Skipping extension 'colcon_notification.desktop_notification.win32': Not used on non-Windows systems
[18.709s] INFO:colcon.colcon_notification.desktop_notification:Sending desktop notification using 'notify2'
[18.750s] DEBUG:colcon.colcon_core.event_reactor:joined thread
[18.799s] INFO:colcon.colcon_core.shell:Creating prefix script '/home/goda/tutorials_ws/05_ws/src/robotie/install/local_setup.ps1'
[18.801s] INFO:colcon.colcon_core.shell:Creating prefix util module '/home/goda/tutorials_ws/05_ws/src/robotie/install/_local_setup_util_ps1.py'
[18.804s] INFO:colcon.colcon_core.shell:Creating prefix chain script '/home/goda/tutorials_ws/05_ws/src/robotie/install/setup.ps1'
[18.853s] INFO:colcon.colcon_core.shell:Creating prefix script '/home/goda/tutorials_ws/05_ws/src/robotie/install/local_setup.sh'
[18.854s] INFO:colcon.colcon_core.shell:Creating prefix util module '/home/goda/tutorials_ws/05_ws/src/robotie/install/_local_setup_util_sh.py'
[18.855s] INFO:colcon.colcon_core.shell:Creating prefix chain script '/home/goda/tutorials_ws/05_ws/src/robotie/install/setup.sh'
[18.900s] INFO:colcon.colcon_core.shell:Creating prefix script '/home/goda/tutorials_ws/05_ws/src/robotie/install/local_setup.bash'
[18.901s] INFO:colcon.colcon_core.shell:Creating prefix chain script '/home/goda/tutorials_ws/05_ws/src/robotie/install/setup.bash'
[18.944s] INFO:colcon.colcon_core.shell:Creating prefix script '/home/goda/tutorials_ws/05_ws/src/robotie/install/local_setup.zsh'
[18.945s] INFO:colcon.colcon_core.shell:Creating prefix chain script '/home/goda/tutorials_ws/05_ws/src/robotie/install/setup.zsh'
