[0.167s] Invoking command in '/home/goda/tutorials_ws/05_ws/src/robotie/build/robotie': CMAKE_PREFIX_PATH=${CMAKE_PREFIX_PATH}:/opt/ros/humble /usr/bin/cmake /home/goda/tutorials_ws/05_ws/src/robotie -DAMENT_CMAKE_SYMLINK_INSTALL=1 -DCMAKE_INSTALL_PREFIX=/home/goda/tutorials_ws/05_ws/src/robotie/install/robotie
[0.299s] -- The C compiler identification is GNU 11.4.0
[0.433s] -- The CXX compiler identification is GNU 11.4.0
[0.450s] -- Detecting C compiler ABI info
[0.627s] -- Detecting C compiler ABI info - done
[0.648s] -- Check for working C compiler: /usr/bin/cc - skipped
[0.649s] -- Detecting C compile features
[0.650s] -- Detecting C compile features - done
[0.659s] -- Detecting CXX compiler ABI info
[0.889s] -- Detecting CXX compiler ABI info - done
[0.913s] -- Check for working CXX compiler: /usr/bin/c++ - skipped
[0.914s] -- Detecting CXX compile features
[0.915s] -- Detecting CXX compile features - done
[0.922s] -- Found ament_cmake: 1.3.7 (/opt/ros/humble/share/ament_cmake/cmake)
[1.317s] -- Found Python3: /usr/bin/python3.10 (found version "3.10.12") found components: Interpreter 
[1.453s] -- Override CMake install command with custom implementation using symlinks instead of copying resources
[1.529s] -- Found rclcpp: 16.0.8 (/opt/ros/humble/share/rclcpp/cmake)
[1.656s] -- Found rosidl_generator_c: 3.1.5 (/opt/ros/humble/share/rosidl_generator_c/cmake)
[1.670s] -- Found rosidl_adapter: 3.1.5 (/opt/ros/humble/share/rosidl_adapter/cmake)
[1.692s] -- Found rosidl_generator_cpp: 3.1.5 (/opt/ros/humble/share/rosidl_generator_cpp/cmake)
[1.727s] -- Using all available rosidl_typesupport_c: rosidl_typesupport_fastrtps_c;rosidl_typesupport_introspection_c
[1.786s] -- Using all available rosidl_typesupport_cpp: rosidl_typesupport_fastrtps_cpp;rosidl_typesupport_introspection_cpp
[1.977s] -- Found rmw_implementation_cmake: 6.1.1 (/opt/ros/humble/share/rmw_implementation_cmake/cmake)
[1.985s] -- Found rmw_fastrtps_cpp: 6.2.6 (/opt/ros/humble/share/rmw_fastrtps_cpp/cmake)
[2.257s] -- Found OpenSSL: /usr/lib/x86_64-linux-gnu/libcrypto.so (found version "3.0.2")  
[2.349s] -- Found FastRTPS: /opt/ros/humble/include  
[2.478s] -- Using RMW implementation 'rmw_fastrtps_cpp' as default
[2.504s] -- Looking for pthread.h
[2.683s] -- Looking for pthread.h - found
[2.684s] -- Performing Test CMAKE_HAVE_LIBC_PTHREAD
[2.867s] -- Performing Test CMAKE_HAVE_LIBC_PTHREAD - Success
[2.869s] -- Found Threads: TRUE  
[3.346s] -- Found geometry_msgs: 4.2.4 (/opt/ros/humble/share/geometry_msgs/cmake)
[3.636s] -- Configuring done
[3.664s] -- Generating done
[3.668s] -- Build files have been written to: /home/goda/tutorials_ws/05_ws/src/robotie/build/robotie
[3.687s] Invoked command in '/home/goda/tutorials_ws/05_ws/src/robotie/build/robotie' returned '0': CMAKE_PREFIX_PATH=${CMAKE_PREFIX_PATH}:/opt/ros/humble /usr/bin/cmake /home/goda/tutorials_ws/05_ws/src/robotie -DAMENT_CMAKE_SYMLINK_INSTALL=1 -DCMAKE_INSTALL_PREFIX=/home/goda/tutorials_ws/05_ws/src/robotie/install/robotie
[3.694s] Invoking command in '/home/goda/tutorials_ws/05_ws/src/robotie/build/robotie': CMAKE_PREFIX_PATH=${CMAKE_PREFIX_PATH}:/opt/ros/humble /usr/bin/cmake --build /home/goda/tutorials_ws/05_ws/src/robotie/build/robotie -- -j8 -l8
[3.825s] [ 50%] [32mBuilding CXX object CMakeFiles/vel_publisher.dir/src/vel_publisher.cpp.o[0m
[13.369s] [100%] [32m[1mLinking CXX executable vel_publisher[0m
[13.982s] [100%] Built target vel_publisher
[14.015s] Invoked command in '/home/goda/tutorials_ws/05_ws/src/robotie/build/robotie' returned '0': CMAKE_PREFIX_PATH=${CMAKE_PREFIX_PATH}:/opt/ros/humble /usr/bin/cmake --build /home/goda/tutorials_ws/05_ws/src/robotie/build/robotie -- -j8 -l8
[14.121s] Invoking command in '/home/goda/tutorials_ws/05_ws/src/robotie/build/robotie': CMAKE_PREFIX_PATH=${CMAKE_PREFIX_PATH}:/opt/ros/humble /usr/bin/cmake --install /home/goda/tutorials_ws/05_ws/src/robotie/build/robotie
[14.142s] -- Install configuration: ""
[14.143s] -- Execute custom install script
[14.144s] -- Symlinking: /home/goda/tutorials_ws/05_ws/src/robotie/install/robotie/lib/robotie/vel_publisher
[14.179s] -- Symlinking: /home/goda/tutorials_ws/05_ws/src/robotie/install/robotie/share/robotie//launch/gazebo_sim.launch.py
[14.204s] -- Symlinking: /home/goda/tutorials_ws/05_ws/src/robotie/install/robotie/share/robotie//launch/rsp.launch.py
[14.231s] -- Symlinking: /home/goda/tutorials_ws/05_ws/src/robotie/install/robotie/share/robotie//description/gazebo.xacro
[14.255s] -- Symlinking: /home/goda/tutorials_ws/05_ws/src/robotie/install/robotie/share/robotie//description/inertia.xacro
[14.280s] -- Symlinking: /home/goda/tutorials_ws/05_ws/src/robotie/install/robotie/share/robotie//description/properties.xacro
[14.305s] -- Symlinking: /home/goda/tutorials_ws/05_ws/src/robotie/install/robotie/share/robotie//description/robotie.urdf
[14.334s] -- Symlinking: /home/goda/tutorials_ws/05_ws/src/robotie/install/robotie/share/robotie//description/robotie.xacro
[14.360s] -- Symlinking: /home/goda/tutorials_ws/05_ws/src/robotie/install/robotie/share/robotie//description/ros2_control.xacro
[14.387s] -- Symlinking: /home/goda/tutorials_ws/05_ws/src/robotie/install/robotie/share/robotie//config/controllers.yaml
[14.413s] -- Symlinking: /home/goda/tutorials_ws/05_ws/src/robotie/install/robotie/share/ament_index/resource_index/package_run_dependencies/robotie
[14.451s] -- Symlinking: /home/goda/tutorials_ws/05_ws/src/robotie/install/robotie/share/ament_index/resource_index/parent_prefix_path/robotie
[14.486s] -- Symlinking: /home/goda/tutorials_ws/05_ws/src/robotie/install/robotie/share/robotie/environment/ament_prefix_path.sh
[14.523s] -- Symlinking: /home/goda/tutorials_ws/05_ws/src/robotie/install/robotie/share/robotie/environment/ament_prefix_path.dsv
[14.558s] -- Symlinking: /home/goda/tutorials_ws/05_ws/src/robotie/install/robotie/share/robotie/environment/path.sh
[14.586s] -- Symlinking: /home/goda/tutorials_ws/05_ws/src/robotie/install/robotie/share/robotie/environment/path.dsv
[14.613s] -- Symlinking: /home/goda/tutorials_ws/05_ws/src/robotie/install/robotie/share/robotie/local_setup.bash
[14.637s] -- Symlinking: /home/goda/tutorials_ws/05_ws/src/robotie/install/robotie/share/robotie/local_setup.sh
[14.660s] -- Symlinking: /home/goda/tutorials_ws/05_ws/src/robotie/install/robotie/share/robotie/local_setup.zsh
[14.685s] -- Symlinking: /home/goda/tutorials_ws/05_ws/src/robotie/install/robotie/share/robotie/local_setup.dsv
[14.710s] -- Symlinking: /home/goda/tutorials_ws/05_ws/src/robotie/install/robotie/share/robotie/package.dsv
[14.735s] -- Symlinking: /home/goda/tutorials_ws/05_ws/src/robotie/install/robotie/share/ament_index/resource_index/packages/robotie
[14.758s] -- Symlinking: /home/goda/tutorials_ws/05_ws/src/robotie/install/robotie/share/robotie/cmake/robotieConfig.cmake
[14.782s] -- Symlinking: /home/goda/tutorials_ws/05_ws/src/robotie/install/robotie/share/robotie/cmake/robotieConfig-version.cmake
[14.805s] -- Symlinking: /home/goda/tutorials_ws/05_ws/src/robotie/install/robotie/share/robotie/package.xml
[14.833s] Invoked command in '/home/goda/tutorials_ws/05_ws/src/robotie/build/robotie' returned '0': CMAKE_PREFIX_PATH=${CMAKE_PREFIX_PATH}:/opt/ros/humble /usr/bin/cmake --install /home/goda/tutorials_ws/05_ws/src/robotie/build/robotie
